2022-04-25T22:03:12+00:00 DEBUG   HnSHeroParser.class.php:61 parse:61 
2022-04-25T22:03:12+00:00 DEBUG   HnSHeroParser.class.php:64 parse:64 CDE : parseUser n'est pas appele!!!
2022-04-25T22:03:29+00:00 DEBUG   HnSHeroParser.class.php:61 parse:61 
2022-04-25T22:03:29+00:00 DEBUG   HnSHeroParser.class.php:64 parse:64 CDE : parseUser n'est pas appele!!!
2022-04-25T22:08:26+00:00 DEBUG   HnSHeroParser.class.php:61 parse:61 
2022-04-25T22:08:26+00:00 DEBUG   HnSHeroParser.class.php:64 parse:64 CDE : parseUser n'est pas appele!!!
2022-04-25T22:12:39+00:00 DEBUG   HnSHeroParser.class.php:61 parse:61 
2022-04-25T22:12:39+00:00 DEBUG   HnSHeroParser.class.php:69 parseUser:69 
2022-04-25T22:12:39+00:00 DEBUG   HnSHeroParser.class.php:78 parseUserDetails:78 
2022-04-25T22:13:09+00:00 DEBUG   HnSHeroParser.class.php:61 parse:61 
2022-04-25T22:13:09+00:00 DEBUG   HnSHeroParser.class.php:69 parseUser:69 
2022-04-25T22:13:09+00:00 DEBUG   HnSHeroParser.class.php:78 parseUserDetails:78 
2022-04-25T22:13:39+00:00 DEBUG   HnSHeroParser.class.php:61 parse:61 
2022-04-25T22:13:39+00:00 DEBUG   HnSHeroParser.class.php:69 parseUser:69 
2022-04-25T22:13:39+00:00 DEBUG   HnSHeroParser.class.php:78 parseUserDetails:78 
2022-04-25T22:23:27+00:00 DEBUG   HnSHeroParser.class.php:61 parse:61 
2022-04-25T22:23:27+00:00 DEBUG   HnSHeroParser.class.php:70 parseUser:70 
2022-04-25T22:23:27+00:00 DEBUG   HnSHeroParser.class.php:79 parseUserDetails:79 
2022-04-25T22:23:27+00:00 DEBUG   HnSHeroParser.class.php:92 parseHero:92 
2022-04-25T22:38:44+00:00 DEBUG   HnSHeroParser.class.php:61 parse:61 
2022-04-25T22:38:44+00:00 DEBUG   HnSHeroParser.class.php:73 parseUser:73 
2022-04-25T22:38:44+00:00 DEBUG   HnSHeroParser.class.php:82 parseUserDetails:82 
2022-04-25T22:38:44+00:00 DEBUG   HnSHeroParser.class.php:95 parseHero:95 
2022-04-25T22:38:44+00:00 DEBUG   HnSHeroParser.class.php:162 parseAttrP:162 
2022-04-25T22:38:44+00:00 DEBUG   HnSHeroParser.class.php:162 parseAttrP:162 
2022-04-25T22:38:44+00:00 DEBUG   HnSHeroParser.class.php:162 parseAttrP:162 
2022-04-25T22:38:44+00:00 DEBUG   HnSHeroParser.class.php:162 parseAttrP:162 
2022-04-25T22:38:44+00:00 DEBUG   HnSHeroParser.class.php:171 parseAttrS:171 
2022-04-25T22:38:44+00:00 DEBUG   HnSHeroParser.class.php:171 parseAttrS:171 
2022-04-25T22:38:44+00:00 DEBUG   HnSHeroParser.class.php:171 parseAttrS:171 
2022-04-25T22:38:44+00:00 DEBUG   HnSHeroParser.class.php:180 parseAttrR:180 
2022-04-25T22:38:44+00:00 DEBUG   HnSHeroParser.class.php:180 parseAttrR:180 
2022-04-25T22:44:53+00:00 DEBUG   HnSHeroParser.class.php:61 parse:61 
2022-04-25T22:44:53+00:00 DEBUG   HnSHeroParser.class.php:74 parseUser:74 
2022-04-25T22:44:53+00:00 DEBUG   HnSHeroParser.class.php:83 parseUserDetails:83 
2022-04-25T22:44:53+00:00 DEBUG   HnSHeroParser.class.php:96 parseHero:96 
2022-04-25T22:44:53+00:00 DEBUG   HnSHeroParser.class.php:161 parsePass:161 
2022-04-25T22:44:53+00:00 DEBUG   HnSHeroParser.class.php:161 parsePass:161 
2022-04-25T22:44:53+00:00 DEBUG   HnSHeroParser.class.php:161 parsePass:161 
2022-04-25T22:44:53+00:00 DEBUG   HnSHeroParser.class.php:161 parsePass:161 
2022-04-25T22:44:53+00:00 DEBUG   HnSHeroParser.class.php:180 parseAttrP:180 
2022-04-25T22:44:53+00:00 DEBUG   HnSHeroParser.class.php:180 parseAttrP:180 
2022-04-25T22:44:53+00:00 DEBUG   HnSHeroParser.class.php:180 parseAttrP:180 
2022-04-25T22:44:53+00:00 DEBUG   HnSHeroParser.class.php:180 parseAttrP:180 
2022-04-25T22:44:53+00:00 DEBUG   HnSHeroParser.class.php:189 parseAttrS:189 
2022-04-25T22:44:53+00:00 DEBUG   HnSHeroParser.class.php:189 parseAttrS:189 
2022-04-25T22:44:53+00:00 DEBUG   HnSHeroParser.class.php:189 parseAttrS:189 
2022-04-25T22:44:53+00:00 DEBUG   HnSHeroParser.class.php:198 parseAttrR:198 
2022-04-25T22:44:53+00:00 DEBUG   HnSHeroParser.class.php:198 parseAttrR:198 
2022-04-25T22:50:58+00:00 DEBUG   HnSHeroParser.class.php:61 parse:61 
2022-04-25T22:50:58+00:00 DEBUG   HnSHeroParser.class.php:75 parseUser:75 
2022-04-25T22:50:58+00:00 DEBUG   HnSHeroParser.class.php:84 parseUserDetails:84 
2022-04-25T22:50:58+00:00 DEBUG   HnSHeroParser.class.php:97 parseHero:97 
2022-04-25T22:50:58+00:00 DEBUG   HnSHeroParser.class.php:162 parseAct:162 
2022-04-25T22:50:58+00:00 DEBUG   HnSHeroParser.class.php:162 parseAct:162 
2022-04-25T22:50:58+00:00 DEBUG   HnSHeroParser.class.php:162 parseAct:162 
2022-04-25T22:50:58+00:00 DEBUG   HnSHeroParser.class.php:162 parseAct:162 
2022-04-25T22:50:58+00:00 DEBUG   HnSHeroParser.class.php:162 parseAct:162 
2022-04-25T22:50:58+00:00 DEBUG   HnSHeroParser.class.php:162 parseAct:162 
2022-04-25T22:50:58+00:00 DEBUG   HnSHeroParser.class.php:180 parsePass:180 
2022-04-25T22:50:58+00:00 DEBUG   HnSHeroParser.class.php:180 parsePass:180 
2022-04-25T22:50:58+00:00 DEBUG   HnSHeroParser.class.php:180 parsePass:180 
2022-04-25T22:50:58+00:00 DEBUG   HnSHeroParser.class.php:180 parsePass:180 
2022-04-25T22:50:58+00:00 DEBUG   HnSHeroParser.class.php:199 parseAttrP:199 
2022-04-25T22:50:58+00:00 DEBUG   HnSHeroParser.class.php:199 parseAttrP:199 
2022-04-25T22:50:58+00:00 DEBUG   HnSHeroParser.class.php:199 parseAttrP:199 
2022-04-25T22:50:58+00:00 DEBUG   HnSHeroParser.class.php:199 parseAttrP:199 
2022-04-25T22:50:58+00:00 DEBUG   HnSHeroParser.class.php:208 parseAttrS:208 
2022-04-25T22:50:58+00:00 DEBUG   HnSHeroParser.class.php:208 parseAttrS:208 
2022-04-25T22:50:58+00:00 DEBUG   HnSHeroParser.class.php:208 parseAttrS:208 
2022-04-25T22:50:58+00:00 DEBUG   HnSHeroParser.class.php:217 parseAttrR:217 
2022-04-25T22:50:58+00:00 DEBUG   HnSHeroParser.class.php:217 parseAttrR:217 
